<?xml version="1.0" encoding="UTF-8"?>
<!-- Generated by org.testng.reporters.JUnitXMLReporter -->
<testsuite ignored="0" hostname="DESKTOP-7KL8VML" failures="0" tests="3" name="Default test" time="0.107" errors="0" timestamp="2020-06-09T16:31:32 EDT">
  <testcase classname="com.testng.DependenceuponMethods" name="login" time="0.016"/>
  <testcase classname="com.testng.DependenceuponMethods" name="search" time="0.005"/>
  <testcase classname="com.testng.DependenceuponMethods" name="logout" time="0.005"/>
</testsuite> <!-- Default test -->
