<?xml version="1.0" encoding="UTF-8"?>
<testng-results ignored="0" total="1" passed="1" failed="0" skipped="0">
  <reporter-output>
  </reporter-output>
  <suite started-at="2020-06-04T13:22:10 EDT" name="Default suite" finished-at="2020-06-04T13:22:10 EDT" duration-ms="84">
    <groups>
    </groups>
    <test started-at="2020-06-04T13:22:10 EDT" name="Default test" finished-at="2020-06-04T13:22:10 EDT" duration-ms="84">
      <class name="com.testng.DependenceuponMethods">
        <test-method signature="login()[pri:0, instance:com.testng.DependenceuponMethods@1d2adfbe]" started-at="2020-06-04T13:22:10 EDT" name="login" finished-at="2020-06-04T13:22:10 EDT" duration-ms="20" status="PASS">
          <reporter-output>
          </reporter-output>
        </test-method> <!-- login -->
      </class> <!-- com.testng.DependenceuponMethods -->
    </test> <!-- Default test -->
  </suite> <!-- Default suite -->
</testng-results>
