<?xml version="1.0" encoding="UTF-8"?>
<!-- Generated by org.testng.reporters.JUnitXMLReporter -->
<testsuite ignored="0" hostname="DESKTOP-7KL8VML" failures="0" tests="4" name="Test" time="0.145" errors="0" timestamp="2020-06-03T15:11:34 EDT">
  <testcase classname="com.testng.NewTest" name="testcase1" time="0.007"/>
  <testcase classname="com.testng.Prioritytestcase" name="testcase1" time="0.019"/>
  <testcase classname="com.testng.Prioritytestcase" name="testcase3" time="0.007"/>
  <testcase classname="com.testng.Prioritytestcase" name="testcase2" time="0.005"/>
</testsuite> <!-- Test -->
